<?xml version="1.0" encoding="UTF-8"?>
<!-- Generated by org.testng.reporters.JUnitXMLReporter -->
<testsuite hostname="PC201603201541" ignored="0" name="Test" tests="2" failures="1" timestamp="01 六月 2018 12:48:45 GMT" time="6.547" errors="0">
  <testcase name="testCreateDeals" time="5.439" classname="com.zuora.test.exam.testcases.DealsTest">
    <failure type="java.lang.AssertionError" message="expected:&amp;lt;200&amp;gt; but was:&amp;lt;400&amp;gt;">
      <![CDATA[java.lang.AssertionError: expected:<200> but was:<400>
at com.zuora.test.exam.util.TestBase.executeListDealsCases(TestBase.java:34)
at com.zuora.test.exam.testcases.DealsTest.testCreateDeals(DealsTest.java:65)
... Removed 30 stack frames]]>
    </failure>
  </testcase> <!-- testCreateDeals -->
  <testcase name="testListDeals" time="1.07" classname="com.zuora.test.exam.testcases.DealsTest"/>
</testsuite> <!-- Test -->
